Performing C SOURCE FILE Test CMAKE_HAVE_LIBC_PTHREAD failed with the following output:
Change Dir: /home/kay/Documents/Udacity/Sensor_fusion/SFND_Unscented_Kalman_Filter/build/CMakeFiles/CMakeTmp

Run Build Command(s):/usr/bin/make cmTC_87a12/fast && /usr/bin/make -f CMakeFiles/cmTC_87a12.dir/build.make CMakeFiles/cmTC_87a12.dir/build
make[1]: Entering directory '/home/kay/Documents/Udacity/Sensor_fusion/SFND_Unscented_Kalman_Filter/build/CMakeFiles/CMakeTmp'
Building C object CMakeFiles/cmTC_87a12.dir/src.c.o
/usr/bin/cc   -DCMAKE_HAVE_LIBC_PTHREAD   -o CMakeFiles/cmTC_87a12.dir/src.c.o   -c /home/kay/Documents/Udacity/Sensor_fusion/SFND_Unscented_Kalman_Filter/build/CMakeFiles/CMakeTmp/src.c
Linking C executable cmTC_87a12
/usr/local/bin/cmake -E cmake_link_script CMakeFiles/cmTC_87a12.dir/link.txt --verbose=1
/usr/bin/cc  -DCMAKE_HAVE_LIBC_PTHREAD    -rdynamic CMakeFiles/cmTC_87a12.dir/src.c.o  -o cmTC_87a12 
CMakeFiles/cmTC_87a12.dir/src.c.o: In function `main':
src.c:(.text+0x3c): undefined reference to `pthread_create'
src.c:(.text+0x48): undefined reference to `pthread_detach'
src.c:(.text+0x59): undefined reference to `pthread_join'
src.c:(.text+0x6d): undefined reference to `pthread_atfork'
collect2: error: ld returned 1 exit status
CMakeFiles/cmTC_87a12.dir/build.make:86: recipe for target 'cmTC_87a12' failed
make[1]: *** [cmTC_87a12] Error 1
make[1]: Leaving directory '/home/kay/Documents/Udacity/Sensor_fusion/SFND_Unscented_Kalman_Filter/build/CMakeFiles/CMakeTmp'
Makefile:121: recipe for target 'cmTC_87a12/fast' failed
make: *** [cmTC_87a12/fast] Error 2


Source file was:
#include <pthread.h>

void* test_func(void* data)
{
  return data;
}

int main(void)
{
  pthread_t thread;
  pthread_create(&thread, NULL, test_func, NULL);
  pthread_detach(thread);
  pthread_join(thread, NULL);
  pthread_atfork(NULL, NULL, NULL);
  pthread_exit(NULL);

  return 0;
}

Determining if the function pthread_create exists in the pthreads failed with the following output:
Change Dir: /home/kay/Documents/Udacity/Sensor_fusion/SFND_Unscented_Kalman_Filter/build/CMakeFiles/CMakeTmp

Run Build Command(s):/usr/bin/make cmTC_e15c0/fast && /usr/bin/make -f CMakeFiles/cmTC_e15c0.dir/build.make CMakeFiles/cmTC_e15c0.dir/build
make[1]: Entering directory '/home/kay/Documents/Udacity/Sensor_fusion/SFND_Unscented_Kalman_Filter/build/CMakeFiles/CMakeTmp'
Building C object CMakeFiles/cmTC_e15c0.dir/CheckFunctionExists.c.o
/usr/bin/cc   -DCHECK_FUNCTION_EXISTS=pthread_create   -o CMakeFiles/cmTC_e15c0.dir/CheckFunctionExists.c.o   -c /usr/local/share/cmake-3.15/Modules/CheckFunctionExists.c
Linking C executable cmTC_e15c0
/usr/local/bin/cmake -E cmake_link_script CMakeFiles/cmTC_e15c0.dir/link.txt --verbose=1
/usr/bin/cc  -DCHECK_FUNCTION_EXISTS=pthread_create    -rdynamic CMakeFiles/cmTC_e15c0.dir/CheckFunctionExists.c.o  -o cmTC_e15c0 -lpthreads 
/usr/bin/ld: cannot find -lpthreads
collect2: error: ld returned 1 exit status
CMakeFiles/cmTC_e15c0.dir/build.make:86: recipe for target 'cmTC_e15c0' failed
make[1]: *** [cmTC_e15c0] Error 1
make[1]: Leaving directory '/home/kay/Documents/Udacity/Sensor_fusion/SFND_Unscented_Kalman_Filter/build/CMakeFiles/CMakeTmp'
Makefile:121: recipe for target 'cmTC_e15c0/fast' failed
make: *** [cmTC_e15c0/fast] Error 2



